2022-08-19 07:27:11,101 - __main__ - DEBUG - Creating argument parser for command line arguments
2022-08-19 07:27:14,571 - __main__ - DEBUG - Adding config command lined argument
2022-08-19 07:27:15,790 - __main__ - DEBUG - Adding robot virtual machine code file command lined argument
2022-08-19 07:27:17,830 - __main__ - DEBUG - Parsing command lined arguments
2022-08-19 07:28:08,977 - __main__ - DEBUG - Creating argument parser for command line arguments
2022-08-19 07:28:08,988 - __main__ - DEBUG - Adding config command lined argument
2022-08-19 07:28:08,990 - __main__ - DEBUG - Adding robot virtual machine code file command lined argument
2022-08-19 07:28:08,993 - __main__ - DEBUG - Parsing command lined arguments
2022-08-19 07:28:36,604 - __main__ - DEBUG - Creating argument parser for command line arguments
2022-08-19 07:28:36,612 - __main__ - DEBUG - Adding config command lined argument
2022-08-19 07:28:36,615 - __main__ - DEBUG - Adding robot virtual machine code file command lined argument
2022-08-19 07:28:36,617 - __main__ - DEBUG - Parsing command lined arguments
2022-08-19 07:28:38,397 - __main__ - DEBUG - File: all.vm
2022-08-19 07:28:50,415 - __main__ - DEBUG - Started at: 1660883329
2022-08-19 07:29:00,896 - __main__ - DEBUG - Loading configuration
2022-08-19 07:29:05,718 - __main__ - DEBUG - Loading host: {"name": "NOT_FOUND_HOSTNAME"}
2022-08-19 07:30:00,319 - __main__ - DEBUG - Creating argument parser for command line arguments
2022-08-19 07:30:00,327 - __main__ - DEBUG - Adding config command lined argument
2022-08-19 07:30:00,329 - __main__ - DEBUG - Adding robot virtual machine code file command lined argument
2022-08-19 07:30:00,331 - __main__ - DEBUG - Parsing command lined arguments
2022-08-19 07:30:06,659 - __main__ - DEBUG - File: all.vm
2022-08-19 07:30:07,634 - __main__ - DEBUG - Started at: 1660883407
2022-08-19 07:30:08,539 - __main__ - DEBUG - Loading configuration
2022-08-19 07:30:10,049 - __main__ - DEBUG - Loading host: {"name": "local"}
2022-08-19 07:30:47,329 - __main__ - DEBUG - Creating argument parser for command line arguments
2022-08-19 07:30:47,338 - __main__ - DEBUG - Adding config command lined argument
2022-08-19 07:30:47,340 - __main__ - DEBUG - Adding robot virtual machine code file command lined argument
2022-08-19 07:30:47,342 - __main__ - DEBUG - Parsing command lined arguments
2022-08-19 07:30:47,345 - __main__ - DEBUG - File: local
2022-08-19 07:30:47,348 - __main__ - DEBUG - Started at: 1660883447
2022-08-19 07:30:47,350 - __main__ - DEBUG - Loading configuration
2022-08-19 07:30:47,363 - __main__ - DEBUG - Loading host: {"name": "local"}
2022-08-19 07:31:03,938 - __main__ - DEBUG - Creating argument parser for command line arguments
2022-08-19 07:31:03,946 - __main__ - DEBUG - Adding config command lined argument
2022-08-19 07:31:03,948 - __main__ - DEBUG - Adding robot virtual machine code file command lined argument
2022-08-19 07:31:03,950 - __main__ - DEBUG - Parsing command lined arguments
2022-08-19 07:31:03,952 - __main__ - DEBUG - File: local
2022-08-19 07:31:03,956 - __main__ - DEBUG - Started at: 1660883463
2022-08-19 07:31:03,957 - __main__ - DEBUG - Loading configuration
2022-08-19 07:31:03,967 - __main__ - DEBUG - Loading host: {"name": "local"}
2022-08-19 07:31:14,653 - __main__ - DEBUG - Creating argument parser for command line arguments
2022-08-19 07:31:14,662 - __main__ - DEBUG - Adding config command lined argument
2022-08-19 07:31:14,665 - __main__ - DEBUG - Adding robot virtual machine code file command lined argument
2022-08-19 07:31:14,667 - __main__ - DEBUG - Parsing command lined arguments
2022-08-19 07:31:15,166 - __main__ - DEBUG - File: local
2022-08-19 07:31:15,621 - __main__ - DEBUG - Started at: 1660883475
2022-08-19 07:31:16,278 - __main__ - DEBUG - Loading configuration
2022-08-19 07:31:17,336 - __main__ - DEBUG - Loading host: {"name": "local"}
2022-08-19 07:31:45,807 - __main__ - DEBUG - Creating argument parser for command line arguments
2022-08-19 07:31:45,815 - __main__ - DEBUG - Adding config command lined argument
2022-08-19 07:31:45,817 - __main__ - DEBUG - Adding robot virtual machine code file command lined argument
2022-08-19 07:31:45,818 - __main__ - DEBUG - Parsing command lined arguments
2022-08-19 07:31:45,821 - __main__ - DEBUG - File: local
2022-08-19 07:31:45,823 - __main__ - DEBUG - Started at: 1660883505
2022-08-19 07:31:45,825 - __main__ - DEBUG - Loading configuration
2022-08-19 07:31:45,835 - __main__ - DEBUG - Loading host: {"name": "local"}
