2022-08-19 07:27:11,101 - __main__ - DEBUG - Creating argument parser for command line arguments
2022-08-19 07:27:14,571 - __main__ - DEBUG - Adding config command lined argument
2022-08-19 07:27:15,790 - __main__ - DEBUG - Adding robot virtual machine code file command lined argument
2022-08-19 07:27:17,830 - __main__ - DEBUG - Parsing command lined arguments
2022-08-19 07:28:08,977 - __main__ - DEBUG - Creating argument parser for command line arguments
2022-08-19 07:28:08,988 - __main__ - DEBUG - Adding config command lined argument
2022-08-19 07:28:08,990 - __main__ - DEBUG - Adding robot virtual machine code file command lined argument
2022-08-19 07:28:08,993 - __main__ - DEBUG - Parsing command lined arguments
2022-08-19 07:28:36,604 - __main__ - DEBUG - Creating argument parser for command line arguments
2022-08-19 07:28:36,612 - __main__ - DEBUG - Adding config command lined argument
2022-08-19 07:28:36,615 - __main__ - DEBUG - Adding robot virtual machine code file command lined argument
2022-08-19 07:28:36,617 - __main__ - DEBUG - Parsing command lined arguments
2022-08-19 07:28:38,397 - __main__ - DEBUG - File: all.vm
2022-08-19 07:28:49,279 - core.functions - DEBUG - Getting last access time
2022-08-19 07:28:50,415 - __main__ - DEBUG - Started at: 1660883329
2022-08-19 07:29:00,896 - __main__ - DEBUG - Loading configuration
2022-08-19 07:29:02,950 - core.utils - DEBUG - Loading config file: config.yaml
2022-08-19 07:29:05,718 - __main__ - DEBUG - Loading host: {"name": "NOT_FOUND_HOSTNAME"}
2022-08-19 07:30:00,319 - __main__ - DEBUG - Creating argument parser for command line arguments
2022-08-19 07:30:00,327 - __main__ - DEBUG - Adding config command lined argument
2022-08-19 07:30:00,329 - __main__ - DEBUG - Adding robot virtual machine code file command lined argument
2022-08-19 07:30:00,331 - __main__ - DEBUG - Parsing command lined arguments
2022-08-19 07:30:06,659 - __main__ - DEBUG - File: all.vm
2022-08-19 07:30:07,181 - core.functions - DEBUG - Getting last access time
2022-08-19 07:30:07,634 - __main__ - DEBUG - Started at: 1660883407
2022-08-19 07:30:08,539 - __main__ - DEBUG - Loading configuration
2022-08-19 07:30:09,072 - core.utils - DEBUG - Loading config file: config.yaml
2022-08-19 07:30:10,049 - __main__ - DEBUG - Loading host: {"name": "local"}
2022-08-19 07:30:47,329 - __main__ - DEBUG - Creating argument parser for command line arguments
2022-08-19 07:30:47,338 - __main__ - DEBUG - Adding config command lined argument
2022-08-19 07:30:47,340 - __main__ - DEBUG - Adding robot virtual machine code file command lined argument
2022-08-19 07:30:47,342 - __main__ - DEBUG - Parsing command lined arguments
2022-08-19 07:30:47,345 - __main__ - DEBUG - File: local
2022-08-19 07:30:47,347 - core.functions - DEBUG - Getting last access time
2022-08-19 07:30:47,348 - __main__ - DEBUG - Started at: 1660883447
2022-08-19 07:30:47,350 - __main__ - DEBUG - Loading configuration
2022-08-19 07:30:47,353 - core.utils - DEBUG - Loading config file: config.yaml
2022-08-19 07:30:47,363 - __main__ - DEBUG - Loading host: {"name": "local"}
2022-08-19 07:31:03,938 - __main__ - DEBUG - Creating argument parser for command line arguments
2022-08-19 07:31:03,946 - __main__ - DEBUG - Adding config command lined argument
2022-08-19 07:31:03,948 - __main__ - DEBUG - Adding robot virtual machine code file command lined argument
2022-08-19 07:31:03,950 - __main__ - DEBUG - Parsing command lined arguments
2022-08-19 07:31:03,952 - __main__ - DEBUG - File: local
2022-08-19 07:31:03,954 - core.functions - DEBUG - Getting last access time
2022-08-19 07:31:03,956 - __main__ - DEBUG - Started at: 1660883463
2022-08-19 07:31:03,957 - __main__ - DEBUG - Loading configuration
2022-08-19 07:31:03,959 - core.utils - DEBUG - Loading config file: config.yaml
2022-08-19 07:31:03,967 - __main__ - DEBUG - Loading host: {"name": "local"}
2022-08-19 07:31:14,653 - __main__ - DEBUG - Creating argument parser for command line arguments
2022-08-19 07:31:14,662 - __main__ - DEBUG - Adding config command lined argument
2022-08-19 07:31:14,665 - __main__ - DEBUG - Adding robot virtual machine code file command lined argument
2022-08-19 07:31:14,667 - __main__ - DEBUG - Parsing command lined arguments
2022-08-19 07:31:15,166 - __main__ - DEBUG - File: local
2022-08-19 07:31:15,352 - core.functions - DEBUG - Getting last access time
2022-08-19 07:31:15,621 - __main__ - DEBUG - Started at: 1660883475
2022-08-19 07:31:16,278 - __main__ - DEBUG - Loading configuration
2022-08-19 07:31:16,593 - core.utils - DEBUG - Loading config file: config.yaml
2022-08-19 07:31:17,336 - __main__ - DEBUG - Loading host: {"name": "local"}
2022-08-19 07:31:45,807 - __main__ - DEBUG - Creating argument parser for command line arguments
2022-08-19 07:31:45,815 - __main__ - DEBUG - Adding config command lined argument
2022-08-19 07:31:45,817 - __main__ - DEBUG - Adding robot virtual machine code file command lined argument
2022-08-19 07:31:45,818 - __main__ - DEBUG - Parsing command lined arguments
2022-08-19 07:31:45,821 - __main__ - DEBUG - File: local
2022-08-19 07:31:45,822 - core.functions - DEBUG - Getting last access time
2022-08-19 07:31:45,823 - __main__ - DEBUG - Started at: 1660883505
2022-08-19 07:31:45,825 - __main__ - DEBUG - Loading configuration
2022-08-19 07:31:45,826 - core.utils - DEBUG - Loading config file: config.yaml
2022-08-19 07:31:45,835 - __main__ - DEBUG - Loading host: {"name": "local"}
2022-08-19 07:33:26,684 - src.main - DEBUG - Creating argument parser for command line arguments
2022-08-19 07:33:26,685 - src.main - DEBUG - Adding config command lined argument
2022-08-19 07:33:26,685 - src.main - DEBUG - Adding robot virtual machine code file command lined argument
2022-08-19 07:33:26,686 - src.main - DEBUG - Parsing command lined arguments
2022-08-19 07:33:30,290 - src.main - DEBUG - Creating argument parser for command line arguments
2022-08-19 07:33:30,293 - src.main - DEBUG - Adding config command lined argument
2022-08-19 07:33:30,293 - src.main - DEBUG - Adding robot virtual machine code file command lined argument
2022-08-19 07:33:30,294 - src.main - DEBUG - Parsing command lined arguments
2022-08-19 07:33:30,295 - src.main - DEBUG - File: ./test
2022-08-19 07:33:30,296 - src.core.functions - DEBUG - Getting last access time
2022-08-19 07:33:30,297 - src.main - DEBUG - Started at: 1660883610
2022-08-19 07:33:30,297 - src.main - DEBUG - Loading configuration
2022-08-19 07:33:30,298 - src.core.utils - DEBUG - Loading config file: config.yaml
2022-08-19 07:33:30,305 - src.main - DEBUG - Loading host: {"name": "hostname"}
2022-08-19 07:33:46,693 - src.main - DEBUG - Creating argument parser for command line arguments
2022-08-19 07:33:46,696 - src.main - DEBUG - Adding config command lined argument
2022-08-19 07:33:46,696 - src.main - DEBUG - Adding robot virtual machine code file command lined argument
2022-08-19 07:33:46,697 - src.main - DEBUG - Parsing command lined arguments
2022-08-19 07:33:46,698 - src.main - DEBUG - File: ./test
2022-08-19 07:33:46,699 - src.core.functions - DEBUG - Getting last access time
2022-08-19 07:33:46,700 - src.main - DEBUG - Started at: 1660883626
2022-08-19 07:33:46,701 - src.main - DEBUG - Loading configuration
2022-08-19 07:33:46,701 - src.core.utils - DEBUG - Loading config file: config.yaml
2022-08-19 07:33:46,708 - src.main - DEBUG - Loading host: {"name": "hostname"}
2022-08-19 07:33:46,761 - test.src.core.logging.test_logger - DEBUG - debug message
2022-08-19 07:33:46,762 - test.src.core.logging.test_logger - INFO - info message
2022-08-19 07:33:46,764 - test.src.core.logging.test_logger - WARNING - warning message
2022-08-19 07:33:46,765 - test.src.core.logging.test_logger - ERROR - error message
2022-08-19 07:33:46,766 - test.src.core.logging.test_logger - CRITICAL - critical message
2022-08-19 07:33:46,768 - test.src.core.logging.test_logger - ERROR - exception message
NoneType: None
2022-08-19 07:34:28,274 - src.main - DEBUG - Creating argument parser for command line arguments
2022-08-19 07:34:28,275 - src.main - DEBUG - Adding config command lined argument
2022-08-19 07:34:28,276 - src.main - DEBUG - Adding robot virtual machine code file command lined argument
2022-08-19 07:34:28,276 - src.main - DEBUG - Parsing command lined arguments
2022-08-19 07:34:49,099 - src.main - DEBUG - Creating argument parser for command line arguments
2022-08-19 07:34:49,101 - src.main - DEBUG - Adding config command lined argument
2022-08-19 07:34:49,102 - src.main - DEBUG - Adding robot virtual machine code file command lined argument
2022-08-19 07:34:49,103 - src.main - DEBUG - Parsing command lined arguments
2022-08-19 07:34:49,104 - src.main - DEBUG - File: ./test
2022-08-19 07:34:49,105 - src.core.functions - DEBUG - Getting last access time
2022-08-19 07:34:49,105 - src.main - DEBUG - Started at: 1660883689
2022-08-19 07:34:49,106 - src.main - DEBUG - Loading configuration
2022-08-19 07:34:49,107 - src.core.utils - DEBUG - Loading config file: config.yaml
2022-08-19 07:34:49,114 - src.main - DEBUG - Loading host: {"name": "hostname"}
2022-08-19 07:34:49,166 - test.src.core.logging.test_logger - DEBUG - debug message
2022-08-19 07:34:49,167 - test.src.core.logging.test_logger - INFO - info message
2022-08-19 07:34:49,168 - test.src.core.logging.test_logger - WARNING - warning message
2022-08-19 07:34:49,169 - test.src.core.logging.test_logger - ERROR - error message
2022-08-19 07:34:49,170 - test.src.core.logging.test_logger - CRITICAL - critical message
2022-08-19 07:34:49,172 - test.src.core.logging.test_logger - ERROR - exception message
NoneType: None
2022-08-19 07:35:56,565 - src.main - DEBUG - Creating argument parser for command line arguments
2022-08-19 07:35:56,566 - src.main - DEBUG - Adding config command lined argument
2022-08-19 07:35:56,567 - src.main - DEBUG - Adding robot virtual machine code file command lined argument
2022-08-19 07:35:56,567 - src.main - DEBUG - Parsing command lined arguments
2022-08-19 07:40:03,489 - src.main - DEBUG - Creating argument parser for command line arguments
2022-08-19 07:40:03,491 - src.main - DEBUG - Adding config command lined argument
2022-08-19 07:40:03,491 - src.main - DEBUG - Adding robot virtual machine code file command lined argument
2022-08-19 07:40:03,492 - src.main - DEBUG - Parsing command lined arguments
2022-08-19 07:40:06,363 - src.main - DEBUG - Creating argument parser for command line arguments
2022-08-19 07:40:06,364 - src.main - DEBUG - Adding config command lined argument
2022-08-19 07:40:06,365 - src.main - DEBUG - Adding robot virtual machine code file command lined argument
2022-08-19 07:40:06,365 - src.main - DEBUG - Parsing command lined arguments
2022-08-19 07:40:14,283 - src.main - DEBUG - Creating argument parser for command line arguments
2022-08-19 07:40:14,284 - src.main - DEBUG - Adding config command lined argument
2022-08-19 07:40:14,284 - src.main - DEBUG - Adding robot virtual machine code file command lined argument
2022-08-19 07:40:14,285 - src.main - DEBUG - Parsing command lined arguments
2022-08-19 07:41:57,721 - src.main - DEBUG - Creating argument parser for command line arguments
2022-08-19 07:41:57,721 - src.main - DEBUG - Adding config command lined argument
2022-08-19 07:41:57,722 - src.main - DEBUG - Adding robot virtual machine code file command lined argument
2022-08-19 07:41:57,723 - src.main - DEBUG - Parsing command lined arguments
2022-08-19 07:42:23,484 - src.main - DEBUG - Creating argument parser for command line arguments
2022-08-19 07:42:23,485 - src.main - DEBUG - Adding config command lined argument
2022-08-19 07:42:23,486 - src.main - DEBUG - Adding robot virtual machine code file command lined argument
2022-08-19 07:42:23,486 - src.main - DEBUG - Parsing command lined arguments
2022-08-19 07:42:49,809 - src.main - DEBUG - Creating argument parser for command line arguments
2022-08-19 07:42:49,810 - src.main - DEBUG - Adding config command lined argument
2022-08-19 07:42:49,811 - src.main - DEBUG - Adding robot virtual machine code file command lined argument
2022-08-19 07:42:49,812 - src.main - DEBUG - Parsing command lined arguments
2022-08-19 07:42:50,070 - src.main - DEBUG - Creating argument parser for command line arguments
2022-08-19 07:42:50,072 - src.main - DEBUG - Adding config command lined argument
2022-08-19 07:42:50,073 - src.main - DEBUG - Adding robot virtual machine code file command lined argument
2022-08-19 07:42:50,073 - src.main - DEBUG - Parsing command lined arguments
2022-08-19 07:42:52,824 - src.main - DEBUG - Creating argument parser for command line arguments
2022-08-19 07:42:52,825 - src.main - DEBUG - Adding config command lined argument
2022-08-19 07:42:52,825 - src.main - DEBUG - Adding robot virtual machine code file command lined argument
2022-08-19 07:42:52,826 - src.main - DEBUG - Parsing command lined arguments
2022-08-19 07:43:29,076 - src.main - DEBUG - Creating argument parser for command line arguments
2022-08-19 07:43:29,079 - src.main - DEBUG - Adding config command lined argument
2022-08-19 07:43:29,080 - src.main - DEBUG - Adding robot virtual machine code file command lined argument
2022-08-19 07:43:29,081 - src.main - DEBUG - Parsing command lined arguments
2022-08-19 07:43:29,082 - src.main - DEBUG - File: ./test
2022-08-19 07:43:29,083 - src.core.functions - DEBUG - Getting last access time
2022-08-19 07:43:29,084 - src.main - DEBUG - Started at: 1660884209
2022-08-19 07:43:29,084 - src.main - DEBUG - Loading configuration
2022-08-19 07:43:29,085 - src.core.utils - DEBUG - Loading config file: config.yaml
2022-08-19 07:43:29,092 - src.main - DEBUG - Loading host: {"name": "hostname"}
2022-08-19 07:43:29,139 - test.src.core.logging.test_logger - DEBUG - debug message
2022-08-19 07:43:29,140 - test.src.core.logging.test_logger - INFO - info message
2022-08-19 07:43:29,142 - test.src.core.logging.test_logger - WARNING - warning message
2022-08-19 07:43:29,143 - test.src.core.logging.test_logger - ERROR - error message
2022-08-19 07:43:29,144 - test.src.core.logging.test_logger - CRITICAL - critical message
2022-08-19 07:43:29,146 - test.src.core.logging.test_logger - ERROR - exception message
NoneType: None
2022-08-19 07:44:53,733 - src.main - DEBUG - Creating argument parser for command line arguments
2022-08-19 07:44:53,734 - src.main - DEBUG - Adding config command lined argument
2022-08-19 07:44:53,734 - src.main - DEBUG - Adding robot virtual machine code file command lined argument
2022-08-19 07:44:53,735 - src.main - DEBUG - Parsing command lined arguments
2022-08-19 07:45:22,585 - src.main - DEBUG - Creating argument parser for command line arguments
2022-08-19 07:45:22,586 - src.main - DEBUG - Adding config command lined argument
2022-08-19 07:45:22,586 - src.main - DEBUG - Adding robot virtual machine code file command lined argument
2022-08-19 07:45:22,587 - src.main - DEBUG - Parsing command lined arguments
2022-08-19 07:45:27,480 - src.main - DEBUG - Creating argument parser for command line arguments
2022-08-19 07:45:27,481 - src.main - DEBUG - Adding config command lined argument
2022-08-19 07:45:27,482 - src.main - DEBUG - Adding robot virtual machine code file command lined argument
2022-08-19 07:45:27,482 - src.main - DEBUG - Parsing command lined arguments
2022-08-19 07:46:32,592 - src.main - DEBUG - Creating argument parser for command line arguments
2022-08-19 07:46:32,593 - src.main - DEBUG - Adding config command lined argument
2022-08-19 07:46:32,593 - src.main - DEBUG - Adding robot virtual machine code file command lined argument
2022-08-19 07:46:32,594 - src.main - DEBUG - Parsing command lined arguments
2022-08-19 07:46:39,889 - src.main - DEBUG - Creating argument parser for command line arguments
2022-08-19 07:46:39,889 - src.main - DEBUG - Adding config command lined argument
2022-08-19 07:46:39,890 - src.main - DEBUG - Adding robot virtual machine code file command lined argument
2022-08-19 07:46:39,891 - src.main - DEBUG - Parsing command lined arguments
2022-08-19 07:47:07,267 - src.main - DEBUG - Creating argument parser for command line arguments
2022-08-19 07:47:07,268 - src.main - DEBUG - Adding config command lined argument
2022-08-19 07:47:07,268 - src.main - DEBUG - Adding robot virtual machine code file command lined argument
2022-08-19 07:47:07,269 - src.main - DEBUG - Parsing command lined arguments
2022-08-19 07:47:14,947 - src.main - DEBUG - Creating argument parser for command line arguments
2022-08-19 07:47:14,948 - src.main - DEBUG - Adding config command lined argument
2022-08-19 07:47:14,948 - src.main - DEBUG - Adding robot virtual machine code file command lined argument
2022-08-19 07:47:14,949 - src.main - DEBUG - Parsing command lined arguments
2022-08-19 07:47:21,665 - src.main - DEBUG - Creating argument parser for command line arguments
2022-08-19 07:47:21,666 - src.main - DEBUG - Adding config command lined argument
2022-08-19 07:47:21,667 - src.main - DEBUG - Adding robot virtual machine code file command lined argument
2022-08-19 07:47:21,667 - src.main - DEBUG - Parsing command lined arguments
2022-08-19 07:47:27,122 - src.main - DEBUG - Creating argument parser for command line arguments
2022-08-19 07:47:27,123 - src.main - DEBUG - Adding config command lined argument
2022-08-19 07:47:27,124 - src.main - DEBUG - Adding robot virtual machine code file command lined argument
2022-08-19 07:47:27,124 - src.main - DEBUG - Parsing command lined arguments
2022-08-19 07:47:27,147 - src.main - DEBUG - Creating argument parser for command line arguments
2022-08-19 07:47:27,148 - src.main - DEBUG - Adding config command lined argument
2022-08-19 07:47:27,148 - src.main - DEBUG - Adding robot virtual machine code file command lined argument
2022-08-19 07:47:27,149 - src.main - DEBUG - Parsing command lined arguments
2022-08-19 07:47:32,272 - src.main - DEBUG - Creating argument parser for command line arguments
2022-08-19 07:47:32,272 - src.main - DEBUG - Adding config command lined argument
2022-08-19 07:47:32,273 - src.main - DEBUG - Adding robot virtual machine code file command lined argument
2022-08-19 07:47:32,274 - src.main - DEBUG - Parsing command lined arguments
2022-08-19 07:47:53,459 - src.main - DEBUG - Creating argument parser for command line arguments
2022-08-19 07:47:53,460 - src.main - DEBUG - Adding config command lined argument
2022-08-19 07:47:53,460 - src.main - DEBUG - Adding robot virtual machine code file command lined argument
2022-08-19 07:47:53,461 - src.main - DEBUG - Parsing command lined arguments
2022-08-19 07:52:11,988 - src.main - DEBUG - Creating argument parser for command line arguments
2022-08-19 07:52:11,991 - src.main - DEBUG - Adding config command lined argument
2022-08-19 07:52:11,992 - src.main - DEBUG - Adding robot virtual machine code file command lined argument
2022-08-19 07:52:11,993 - src.main - DEBUG - Parsing command lined arguments
2022-08-19 07:52:11,994 - src.main - DEBUG - File: ./test
2022-08-19 07:52:11,995 - src.core.functions - DEBUG - Getting last access time
2022-08-19 07:52:11,995 - src.main - DEBUG - Started at: 1660884731
2022-08-19 07:52:11,996 - src.main - DEBUG - Loading configuration
2022-08-19 07:52:11,997 - src.core.utils - DEBUG - Loading config file: config.yaml
2022-08-19 07:52:12,004 - src.main - DEBUG - Loading host: {"name": "hostname"}
2022-08-19 07:52:12,053 - test.src.core.logging.test_logger - DEBUG - debug message
2022-08-19 07:52:12,054 - test.src.core.logging.test_logger - INFO - info message
2022-08-19 07:52:12,055 - test.src.core.logging.test_logger - WARNING - warning message
2022-08-19 07:52:12,056 - test.src.core.logging.test_logger - ERROR - error message
2022-08-19 07:52:12,057 - test.src.core.logging.test_logger - CRITICAL - critical message
2022-08-19 07:52:12,059 - test.src.core.logging.test_logger - ERROR - exception message
NoneType: None
2022-08-19 07:52:44,609 - src.main - DEBUG - Creating argument parser for command line arguments
2022-08-19 07:52:44,611 - src.main - DEBUG - Adding config command lined argument
2022-08-19 07:52:44,612 - src.main - DEBUG - Adding robot virtual machine code file command lined argument
2022-08-19 07:52:44,612 - src.main - DEBUG - Parsing command lined arguments
2022-08-19 07:52:44,613 - src.main - DEBUG - File: local
2022-08-19 07:52:44,614 - src.core.functions - DEBUG - Getting last access time
2022-08-19 07:52:44,614 - src.main - DEBUG - Started at: 1660884764
2022-08-19 07:52:44,615 - src.main - DEBUG - Loading configuration
2022-08-19 07:52:44,615 - src.core.utils - DEBUG - Loading config file: config.yaml
2022-08-19 07:52:44,619 - src.main - DEBUG - Loading host: {"name": "hostname"}
2022-08-19 07:52:44,648 - test.src.core.logging.test_logger - DEBUG - debug message
2022-08-19 07:52:44,648 - test.src.core.logging.test_logger - INFO - info message
2022-08-19 07:52:44,649 - test.src.core.logging.test_logger - WARNING - warning message
2022-08-19 07:52:44,650 - test.src.core.logging.test_logger - ERROR - error message
2022-08-19 07:52:44,651 - test.src.core.logging.test_logger - CRITICAL - critical message
2022-08-19 07:52:44,652 - test.src.core.logging.test_logger - ERROR - exception message
NoneType: None
2022-08-19 07:55:16,539 - src.main - DEBUG - Creating argument parser for command line arguments
2022-08-19 07:55:16,543 - src.main - DEBUG - Adding config command lined argument
2022-08-19 07:55:16,544 - src.main - DEBUG - Adding robot virtual machine code file command lined argument
2022-08-19 07:55:16,545 - src.main - DEBUG - Parsing command lined arguments
2022-08-19 07:55:16,546 - src.main - DEBUG - File: local
2022-08-19 07:55:16,547 - src.core.functions - DEBUG - Getting last access time
2022-08-19 07:55:16,547 - src.main - DEBUG - Started at: 1660884916
2022-08-19 07:55:16,548 - src.main - DEBUG - Loading configuration
2022-08-19 07:55:16,549 - src.core.utils - DEBUG - Loading config file: config.yaml
2022-08-19 07:55:16,556 - src.main - DEBUG - Loading host: {"name": "hostname"}
2022-08-19 07:55:16,610 - test.src.core.logging.test_logger - DEBUG - debug message
2022-08-19 07:55:16,610 - test.src.core.logging.test_logger - INFO - info message
2022-08-19 07:55:16,611 - test.src.core.logging.test_logger - WARNING - warning message
2022-08-19 07:55:16,612 - test.src.core.logging.test_logger - ERROR - error message
2022-08-19 07:55:16,613 - test.src.core.logging.test_logger - CRITICAL - critical message
2022-08-19 07:55:16,615 - test.src.core.logging.test_logger - ERROR - exception message
NoneType: None
2022-08-19 07:55:31,741 - src.main - DEBUG - Creating argument parser for command line arguments
2022-08-19 07:55:31,742 - src.main - DEBUG - Adding config command lined argument
2022-08-19 07:55:31,743 - src.main - DEBUG - Adding robot virtual machine code file command lined argument
2022-08-19 07:55:31,743 - src.main - DEBUG - Parsing command lined arguments
2022-08-19 07:55:31,744 - src.main - DEBUG - File: local
2022-08-19 07:55:31,744 - src.core.functions - DEBUG - Getting last access time
2022-08-19 07:55:31,745 - src.main - DEBUG - Started at: 1660884931
2022-08-19 07:55:31,745 - src.main - DEBUG - Loading configuration
2022-08-19 07:55:31,746 - src.core.utils - DEBUG - Loading config file: config.yaml
2022-08-19 07:55:31,749 - src.main - DEBUG - Loading host: {"name": "hostname"}
2022-08-19 07:55:31,775 - test.src.core.logging.test_logger - DEBUG - debug message
2022-08-19 07:55:31,776 - test.src.core.logging.test_logger - INFO - info message
2022-08-19 07:55:31,776 - test.src.core.logging.test_logger - WARNING - warning message
2022-08-19 07:55:31,777 - test.src.core.logging.test_logger - ERROR - error message
2022-08-19 07:55:31,778 - test.src.core.logging.test_logger - CRITICAL - critical message
2022-08-19 07:55:31,779 - test.src.core.logging.test_logger - ERROR - exception message
NoneType: None
2022-08-19 07:55:42,965 - src.main - DEBUG - Creating argument parser for command line arguments
2022-08-19 07:55:42,968 - src.main - DEBUG - Adding config command lined argument
2022-08-19 07:55:42,969 - src.main - DEBUG - Adding robot virtual machine code file command lined argument
2022-08-19 07:55:42,970 - src.main - DEBUG - Parsing command lined arguments
2022-08-19 07:55:42,971 - src.main - DEBUG - File: ./test
2022-08-19 07:55:42,972 - src.core.functions - DEBUG - Getting last access time
2022-08-19 07:55:42,973 - src.main - DEBUG - Started at: 1660884942
2022-08-19 07:55:42,973 - src.main - DEBUG - Loading configuration
2022-08-19 07:55:42,974 - src.core.utils - DEBUG - Loading config file: config.yaml
2022-08-19 07:55:42,982 - src.main - DEBUG - Loading host: {"name": "hostname"}
2022-08-19 07:55:43,030 - test.src.core.logging.test_logger - DEBUG - debug message
2022-08-19 07:55:43,031 - test.src.core.logging.test_logger - INFO - info message
2022-08-19 07:55:43,032 - test.src.core.logging.test_logger - WARNING - warning message
2022-08-19 07:55:43,034 - test.src.core.logging.test_logger - ERROR - error message
2022-08-19 07:55:43,036 - test.src.core.logging.test_logger - CRITICAL - critical message
2022-08-19 07:55:43,038 - test.src.core.logging.test_logger - ERROR - exception message
NoneType: None
2022-08-19 07:56:21,425 - src.main - DEBUG - Creating argument parser for command line arguments
2022-08-19 07:56:21,425 - src.main - DEBUG - Adding config command lined argument
2022-08-19 07:56:21,426 - src.main - DEBUG - Adding robot virtual machine code file command lined argument
2022-08-19 07:56:21,427 - src.main - DEBUG - Parsing command lined arguments
2022-08-19 07:56:56,679 - src.main - DEBUG - Creating argument parser for command line arguments
2022-08-19 07:56:56,681 - src.main - DEBUG - Adding config command lined argument
2022-08-19 07:56:56,681 - src.main - DEBUG - Adding robot virtual machine code file command lined argument
2022-08-19 07:56:56,682 - src.main - DEBUG - Parsing command lined arguments
2022-08-19 07:56:56,920 - src.main - DEBUG - Creating argument parser for command line arguments
2022-08-19 07:56:56,921 - src.main - DEBUG - Adding config command lined argument
2022-08-19 07:56:56,921 - src.main - DEBUG - Adding robot virtual machine code file command lined argument
2022-08-19 07:56:56,922 - src.main - DEBUG - Parsing command lined arguments
2022-08-19 07:57:04,547 - src.main - DEBUG - Creating argument parser for command line arguments
2022-08-19 07:57:04,548 - src.main - DEBUG - Adding config command lined argument
2022-08-19 07:57:04,549 - src.main - DEBUG - Adding robot virtual machine code file command lined argument
2022-08-19 07:57:04,549 - src.main - DEBUG - Parsing command lined arguments
2022-08-19 07:57:25,249 - src.main - DEBUG - Creating argument parser for command line arguments
2022-08-19 07:57:25,250 - src.main - DEBUG - Adding config command lined argument
2022-08-19 07:57:25,251 - src.main - DEBUG - Adding robot virtual machine code file command lined argument
2022-08-19 07:57:25,252 - src.main - DEBUG - Parsing command lined arguments
2022-08-19 07:57:25,314 - src.main - DEBUG - Creating argument parser for command line arguments
2022-08-19 07:57:25,315 - src.main - DEBUG - Adding config command lined argument
2022-08-19 07:57:25,315 - src.main - DEBUG - Adding robot virtual machine code file command lined argument
2022-08-19 07:57:25,316 - src.main - DEBUG - Parsing command lined arguments
2022-08-19 07:57:27,060 - src.main - DEBUG - Creating argument parser for command line arguments
2022-08-19 07:57:27,061 - src.main - DEBUG - Adding config command lined argument
2022-08-19 07:57:27,061 - src.main - DEBUG - Adding robot virtual machine code file command lined argument
2022-08-19 07:57:27,062 - src.main - DEBUG - Parsing command lined arguments
2022-08-19 08:12:26,057 - src.main - DEBUG - Creating argument parser for command line arguments
2022-08-19 08:12:26,057 - src.main - DEBUG - Adding config command lined argument
2022-08-19 08:12:26,058 - src.main - DEBUG - Adding robot virtual machine code file command lined argument
2022-08-19 08:12:26,059 - src.main - DEBUG - Parsing command lined arguments
2022-08-19 08:12:26,096 - src.main - DEBUG - Creating argument parser for command line arguments
2022-08-19 08:12:26,097 - src.main - DEBUG - Adding config command lined argument
2022-08-19 08:12:26,098 - src.main - DEBUG - Adding robot virtual machine code file command lined argument
2022-08-19 08:12:26,098 - src.main - DEBUG - Parsing command lined arguments
2022-08-19 08:12:31,886 - src.main - DEBUG - Creating argument parser for command line arguments
2022-08-19 08:12:31,887 - src.main - DEBUG - Adding config command lined argument
2022-08-19 08:12:31,888 - src.main - DEBUG - Adding robot virtual machine code file command lined argument
2022-08-19 08:12:31,888 - src.main - DEBUG - Parsing command lined arguments
2022-08-19 08:12:31,897 - src.main - DEBUG - Creating argument parser for command line arguments
2022-08-19 08:12:31,898 - src.main - DEBUG - Adding config command lined argument
2022-08-19 08:12:31,898 - src.main - DEBUG - Adding robot virtual machine code file command lined argument
2022-08-19 08:12:31,899 - src.main - DEBUG - Parsing command lined arguments
2022-08-19 08:12:46,006 - src.main - DEBUG - Creating argument parser for command line arguments
2022-08-19 08:12:46,007 - src.main - DEBUG - Adding config command lined argument
2022-08-19 08:12:46,007 - src.main - DEBUG - Adding robot virtual machine code file command lined argument
2022-08-19 08:12:46,008 - src.main - DEBUG - Parsing command lined arguments
2022-08-19 08:12:48,396 - src.main - DEBUG - Creating argument parser for command line arguments
2022-08-19 08:12:48,397 - src.main - DEBUG - Adding config command lined argument
2022-08-19 08:12:48,398 - src.main - DEBUG - Adding robot virtual machine code file command lined argument
2022-08-19 08:12:48,398 - src.main - DEBUG - Parsing command lined arguments
2022-08-19 08:12:57,621 - src.main - DEBUG - Creating argument parser for command line arguments
2022-08-19 08:12:57,622 - src.main - DEBUG - Adding config command lined argument
2022-08-19 08:12:57,623 - src.main - DEBUG - Adding robot virtual machine code file command lined argument
2022-08-19 08:12:57,624 - src.main - DEBUG - Parsing command lined arguments
2022-08-19 08:13:59,022 - src.main - DEBUG - Creating argument parser for command line arguments
2022-08-19 08:13:59,023 - src.main - DEBUG - Adding config command lined argument
2022-08-19 08:13:59,024 - src.main - DEBUG - Adding robot virtual machine code file command lined argument
2022-08-19 08:13:59,025 - src.main - DEBUG - Parsing command lined arguments
